<?xml version="1.0" encoding="UTF-8"?>
<!-- Generated by org.testng.reporters.JUnitXMLReporter -->
<testsuite ignored="0" hostname="P-142" failures="0" tests="3" name="LoginTests" time="30.875" errors="0" timestamp="2024-02-11T18:38:46 IST">
  <testcase classname="SL_Suite.LoginPageTest" name="invalidCredentialCheck" time="6.784"/>
  <testcase classname="SL_Suite.LoginPageTest" name="validCheck" time="4.334"/>
  <testcase classname="SL_Suite.LoginPageTest" name="verifyLoginPageElements" time="0.187"/>
</testsuite> <!-- LoginTests -->
