<?xml version="1.0" encoding="UTF-8"?>
<!-- Generated by org.testng.reporters.JUnitXMLReporter -->
<testsuite ignored="0" hostname="RAJAT" failures="0" tests="3" name="Default test" time="34.761" errors="0" timestamp="2024-06-28T03:38:39 IST">
  <testcase classname="SL_Suite.LoginPageTest" name="invalidCredentialCheck" time="7.043"/>
  <testcase classname="SL_Suite.LoginPageTest" name="validCheck" time="4.59"/>
  <testcase classname="SL_Suite.LoginPageTest" name="verifyLoginPageElements" time="0.295"/>
</testsuite> <!-- Default test -->
