<?xml version="1.0" encoding="UTF-8"?>
<!-- Generated by org.testng.reporters.JUnitXMLReporter -->
<testsuite ignored="0" hostname="RAJAT" failures="0" tests="3" name="Test" time="34.2" errors="0" timestamp="2024-06-28T03:55:43 IST">
  <testcase classname="SL_Suite.LoginPageTest" name="invalidCredentialCheck" time="6.856"/>
  <testcase classname="SL_Suite.LoginPageTest" name="validCheck" time="4.587"/>
  <testcase classname="SL_Suite.LoginPageTest" name="verifyLoginPageElements" time="0.37"/>
</testsuite> <!-- Test -->
