<?xml version="1.0" encoding="UTF-8"?>
<testng-results ignored="0" total="3" passed="3" failed="0" skipped="0">
  <reporter-output>
  </reporter-output>
  <suite started-at="2024-02-11T15:53:58 IST" name="Default suite" finished-at="2024-02-11T15:54:30 IST" duration-ms="31949">
    <groups>
    </groups>
    <test started-at="2024-02-11T15:53:58 IST" name="Default test" finished-at="2024-02-11T15:54:30 IST" duration-ms="31949">
      <class name="SL_Suite.LoginPageTest">
        <test-method is-config="true" signature="basicUrlRun()[pri:0, instance:SL_Suite.LoginPageTest@3c291aad]" started-at="2024-02-11T15:53:58 IST" name="basicUrlRun" finished-at="2024-02-11T15:54:06 IST" duration-ms="7824" status="PASS">
          <reporter-output>
          </reporter-output>
        </test-method> <!-- basicUrlRun -->
        <test-method signature="invalidCredentialCheck()[pri:0, instance:SL_Suite.LoginPageTest@3c291aad]" started-at="2024-02-11T15:54:06 IST" name="invalidCredentialCheck" description="Test_02 Invalid credential" finished-at="2024-02-11T15:54:13 IST" duration-ms="6989" status="PASS">
          <reporter-output>
          </reporter-output>
        </test-method> <!-- invalidCredentialCheck -->
        <test-method is-config="true" signature="clickLoginButton()[pri:0, instance:SL_Suite.LoginPageTest@3c291aad]" started-at="2024-02-11T15:54:13 IST" name="clickLoginButton" finished-at="2024-02-11T15:54:14 IST" duration-ms="1265" status="PASS">
          <reporter-output>
          </reporter-output>
        </test-method> <!-- clickLoginButton -->
        <test-method is-config="true" signature="basicUrlRun()[pri:0, instance:SL_Suite.LoginPageTest@3c291aad]" started-at="2024-02-11T15:54:14 IST" name="basicUrlRun" finished-at="2024-02-11T15:54:19 IST" duration-ms="5355" status="PASS">
          <reporter-output>
          </reporter-output>
        </test-method> <!-- basicUrlRun -->
        <test-method signature="validCheck()[pri:0, instance:SL_Suite.LoginPageTest@3c291aad]" started-at="2024-02-11T15:54:19 IST" name="validCheck" description="Test_03 valid credential" finished-at="2024-02-11T15:54:24 IST" duration-ms="4378" status="PASS">
          <reporter-output>
          </reporter-output>
        </test-method> <!-- validCheck -->
        <test-method is-config="true" signature="clickLoginButton()[pri:0, instance:SL_Suite.LoginPageTest@3c291aad]" started-at="2024-02-11T15:54:24 IST" name="clickLoginButton" finished-at="2024-02-11T15:54:24 IST" duration-ms="278" status="PASS">
          <reporter-output>
          </reporter-output>
        </test-method> <!-- clickLoginButton -->
        <test-method is-config="true" signature="basicUrlRun()[pri:0, instance:SL_Suite.LoginPageTest@3c291aad]" started-at="2024-02-11T15:54:24 IST" name="basicUrlRun" finished-at="2024-02-11T15:54:29 IST" duration-ms="5294" status="PASS">
          <reporter-output>
          </reporter-output>
        </test-method> <!-- basicUrlRun -->
        <test-method signature="verifyLoginPageElements()[pri:1, instance:SL_Suite.LoginPageTest@3c291aad]" started-at="2024-02-11T15:54:29 IST" name="verifyLoginPageElements" description="Test_01 Verify login page elements" finished-at="2024-02-11T15:54:29 IST" duration-ms="221" status="PASS">
          <reporter-output>
          </reporter-output>
        </test-method> <!-- verifyLoginPageElements -->
        <test-method is-config="true" signature="clickLoginButton()[pri:0, instance:SL_Suite.LoginPageTest@3c291aad]" started-at="2024-02-11T15:54:29 IST" name="clickLoginButton" finished-at="2024-02-11T15:54:30 IST" duration-ms="239" status="PASS">
          <reporter-output>
          </reporter-output>
        </test-method> <!-- clickLoginButton -->
      </class> <!-- SL_Suite.LoginPageTest -->
    </test> <!-- Default test -->
  </suite> <!-- Default suite -->
</testng-results>
